2020-05-16 00:26:29.588  INFO 10880 --- [main] c.i.bansal.BootSecurity1Application      : Starting BootSecurity1Application on DESKTOP-DOM78LG with PID 10880 (C:\Users\PAYAL\Documents\BootSecurity2\target\classes started by PAYAL in C:\Users\PAYAL\Documents\BootSecurity2)
2020-05-16 00:26:29.596  INFO 10880 --- [main] c.i.bansal.BootSecurity1Application      : No active profile set, falling back to default profiles: default
2020-05-16 00:26:30.744  INFO 10880 --- [main] o.s.b.w.embedded.tomcat.TomcatWebServer  : Tomcat initialized with port(s): 8080 (http)
2020-05-16 00:26:30.754  INFO 10880 --- [main] o.apache.catalina.core.StandardService   : Starting service [Tomcat]
2020-05-16 00:26:30.755  INFO 10880 --- [main] org.apache.catalina.core.StandardEngine  : Starting Servlet engine: [Apache Tomcat/9.0.34]
2020-05-16 00:26:31.050  INFO 10880 --- [main] org.apache.jasper.servlet.TldScanner     : At least one JAR was scanned for TLDs yet contained no TLDs. Enable debug logging for this logger for a complete list of JARs that were scanned but no TLDs were found in them. Skipping unneeded JARs during scanning can improve startup time and JSP compilation time.
2020-05-16 00:26:31.054  INFO 10880 --- [main] o.a.c.c.C.[Tomcat].[localhost].[/]       : Initializing Spring embedded WebApplicationContext
2020-05-16 00:26:31.054  INFO 10880 --- [main] o.s.web.context.ContextLoader            : Root WebApplicationContext: initialization completed in 1415 ms
2020-05-16 00:26:31.789  INFO 10880 --- [main] o.s.s.web.DefaultSecurityFilterChain     : Creating filter chain: any request, [org.springframework.security.web.context.request.async.WebAsyncManagerIntegrationFilter@77128dab, org.springframework.security.web.context.SecurityContextPersistenceFilter@bcb09a6, org.springframework.security.web.header.HeaderWriterFilter@3eba57a7, org.springframework.security.web.csrf.CsrfFilter@5491f68b, org.springframework.security.web.authentication.logout.LogoutFilter@3d7fa3ae, org.springframework.security.web.authentication.UsernamePasswordAuthenticationFilter@187eb9a8, org.springframework.security.web.authentication.ui.DefaultLoginPageGeneratingFilter@25c5e994, org.springframework.security.web.authentication.ui.DefaultLogoutPageGeneratingFilter@63429932, org.springframework.security.web.savedrequest.RequestCacheAwareFilter@a619c2, org.springframework.security.web.servletapi.SecurityContextHolderAwareRequestFilter@56781d96, org.springframework.security.web.authentication.AnonymousAuthenticationFilter@69ce2f62, org.springframework.security.web.session.SessionManagementFilter@30feffc, org.springframework.security.web.access.ExceptionTranslationFilter@516ebdf8]
2020-05-16 00:26:31.933  INFO 10880 --- [main] o.s.s.concurrent.ThreadPoolTaskExecutor  : Initializing ExecutorService 'applicationTaskExecutor'
2020-05-16 00:26:32.004  INFO 10880 --- [main] o.s.b.a.w.s.WelcomePageHandlerMapping    : Adding welcome page template: index
2020-05-16 00:26:32.117  INFO 10880 --- [main] .s.s.UserDetailsServiceAutoConfiguration : 

Using generated security password: 0baae2e6-c009-494f-8096-2a5f0c9645e5

2020-05-16 00:26:32.165  INFO 10880 --- [main] o.s.b.w.embedded.tomcat.TomcatWebServer  : Tomcat started on port(s): 8080 (http) with context path ''
2020-05-16 00:26:32.170  INFO 10880 --- [main] c.i.bansal.BootSecurity1Application      : Started BootSecurity1Application in 2.986 seconds (JVM running for 4.547)
2020-05-16 00:45:04.245  INFO 10880 --- [RMI TCP Connection(6)-127.0.0.1] inMXBeanRegistrar$SpringApplicationAdmin : Application shutdown requested.
2020-05-16 00:45:04.249  INFO 10880 --- [RMI TCP Connection(6)-127.0.0.1] o.s.s.concurrent.ThreadPoolTaskExecutor  : Shutting down ExecutorService 'applicationTaskExecutor'
2020-05-16 00:45:26.054  INFO 12252 --- [restartedMain] c.i.bansal.BootSecurity1Application      : Starting BootSecurity1Application on DESKTOP-DOM78LG with PID 12252 (C:\Users\PAYAL\Documents\BootSecurity2\target\classes started by PAYAL in C:\Users\PAYAL\Documents\BootSecurity2)
2020-05-16 00:45:26.058  INFO 12252 --- [restartedMain] c.i.bansal.BootSecurity1Application      : No active profile set, falling back to default profiles: default
2020-05-16 00:45:26.131  INFO 12252 --- [restartedMain] .e.DevToolsPropertyDefaultsPostProcessor : Devtools property defaults active! Set 'spring.devtools.add-properties' to 'false' to disable
2020-05-16 00:45:26.131  INFO 12252 --- [restartedMain] .e.DevToolsPropertyDefaultsPostProcessor : For additional web related logging consider setting the 'logging.level.web' property to 'DEBUG'
2020-05-16 00:45:27.808  INFO 12252 --- [restartedMain] o.s.b.w.embedded.tomcat.TomcatWebServer  : Tomcat initialized with port(s): 8080 (http)
2020-05-16 00:45:27.820  INFO 12252 --- [restartedMain] o.apache.catalina.core.StandardService   : Starting service [Tomcat]
2020-05-16 00:45:27.820  INFO 12252 --- [restartedMain] org.apache.catalina.core.StandardEngine  : Starting Servlet engine: [Apache Tomcat/9.0.34]
2020-05-16 00:45:28.024  INFO 12252 --- [restartedMain] org.apache.jasper.servlet.TldScanner     : At least one JAR was scanned for TLDs yet contained no TLDs. Enable debug logging for this logger for a complete list of JARs that were scanned but no TLDs were found in them. Skipping unneeded JARs during scanning can improve startup time and JSP compilation time.
2020-05-16 00:45:28.029  INFO 12252 --- [restartedMain] o.a.c.c.C.[Tomcat].[localhost].[/]       : Initializing Spring embedded WebApplicationContext
2020-05-16 00:45:28.029  INFO 12252 --- [restartedMain] o.s.web.context.ContextLoader            : Root WebApplicationContext: initialization completed in 1898 ms
2020-05-16 00:45:28.892  INFO 12252 --- [restartedMain] o.s.s.web.DefaultSecurityFilterChain     : Creating filter chain: any request, [org.springframework.security.web.context.request.async.WebAsyncManagerIntegrationFilter@21da3801, org.springframework.security.web.context.SecurityContextPersistenceFilter@7e561e64, org.springframework.security.web.header.HeaderWriterFilter@611c78b1, org.springframework.security.web.csrf.CsrfFilter@76c53335, org.springframework.security.web.authentication.logout.LogoutFilter@7fb0d43f, org.springframework.security.web.authentication.UsernamePasswordAuthenticationFilter@4dd1f64f, org.springframework.security.web.authentication.ui.DefaultLoginPageGeneratingFilter@14dabdb8, org.springframework.security.web.authentication.ui.DefaultLogoutPageGeneratingFilter@204aec47, org.springframework.security.web.savedrequest.RequestCacheAwareFilter@7aef26fa, org.springframework.security.web.servletapi.SecurityContextHolderAwareRequestFilter@6968a72, org.springframework.security.web.authentication.AnonymousAuthenticationFilter@5ef2a32f, org.springframework.security.web.session.SessionManagementFilter@13e06ac5, org.springframework.security.web.access.ExceptionTranslationFilter@2231934d]
2020-05-16 00:45:29.098  INFO 12252 --- [restartedMain] o.s.s.concurrent.ThreadPoolTaskExecutor  : Initializing ExecutorService 'applicationTaskExecutor'
2020-05-16 00:45:29.208  INFO 12252 --- [restartedMain] o.s.b.a.w.s.WelcomePageHandlerMapping    : Adding welcome page template: index
2020-05-16 00:45:29.325  INFO 12252 --- [restartedMain] o.s.b.d.a.OptionalLiveReloadServer       : LiveReload server is running on port 35729
2020-05-16 00:45:29.345  INFO 12252 --- [restartedMain] .s.s.UserDetailsServiceAutoConfiguration : 

Using generated security password: 7e1fe310-d6cd-4e6d-84d2-0a0439f8a2da

2020-05-16 00:45:29.417  INFO 12252 --- [restartedMain] o.s.b.w.embedded.tomcat.TomcatWebServer  : Tomcat started on port(s): 8080 (http) with context path ''
2020-05-16 00:45:29.423  INFO 12252 --- [restartedMain] c.i.bansal.BootSecurity1Application      : Started BootSecurity1Application in 3.85 seconds (JVM running for 4.483)
2020-05-16 00:46:02.932  INFO 12252 --- [Thread-6] o.s.s.concurrent.ThreadPoolTaskExecutor  : Shutting down ExecutorService 'applicationTaskExecutor'
2020-05-16 00:46:03.353  INFO 12252 --- [restartedMain] c.i.bansal.BootSecurity1Application      : Starting BootSecurity1Application on DESKTOP-DOM78LG with PID 12252 (C:\Users\PAYAL\Documents\BootSecurity2\target\classes started by PAYAL in C:\Users\PAYAL\Documents\BootSecurity2)
2020-05-16 00:46:03.354  INFO 12252 --- [restartedMain] c.i.bansal.BootSecurity1Application      : No active profile set, falling back to default profiles: default
2020-05-16 00:46:03.728  INFO 12252 --- [restartedMain] o.s.b.w.embedded.tomcat.TomcatWebServer  : Tomcat initialized with port(s): 8080 (http)
2020-05-16 00:46:03.729  INFO 12252 --- [restartedMain] o.apache.catalina.core.StandardService   : Starting service [Tomcat]
2020-05-16 00:46:03.729  INFO 12252 --- [restartedMain] org.apache.catalina.core.StandardEngine  : Starting Servlet engine: [Apache Tomcat/9.0.34]
2020-05-16 00:46:03.794  INFO 12252 --- [restartedMain] org.apache.jasper.servlet.TldScanner     : At least one JAR was scanned for TLDs yet contained no TLDs. Enable debug logging for this logger for a complete list of JARs that were scanned but no TLDs were found in them. Skipping unneeded JARs during scanning can improve startup time and JSP compilation time.
2020-05-16 00:46:03.795  INFO 12252 --- [restartedMain] o.a.c.c.C.[Tomcat].[localhost].[/]       : Initializing Spring embedded WebApplicationContext
2020-05-16 00:46:03.795  INFO 12252 --- [restartedMain] o.s.web.context.ContextLoader            : Root WebApplicationContext: initialization completed in 438 ms
2020-05-16 00:46:04.235  INFO 12252 --- [restartedMain] o.s.s.web.DefaultSecurityFilterChain     : Creating filter chain: any request, [org.springframework.security.web.context.request.async.WebAsyncManagerIntegrationFilter@c7c6edb, org.springframework.security.web.context.SecurityContextPersistenceFilter@6bad78e0, org.springframework.security.web.header.HeaderWriterFilter@312cc291, org.springframework.security.web.csrf.CsrfFilter@2e542789, org.springframework.security.web.authentication.logout.LogoutFilter@2cbec4, org.springframework.security.web.authentication.UsernamePasswordAuthenticationFilter@39f8bcef, org.springframework.security.web.authentication.ui.DefaultLoginPageGeneratingFilter@15322e9f, org.springframework.security.web.authentication.ui.DefaultLogoutPageGeneratingFilter@701fa47f, org.springframework.security.web.savedrequest.RequestCacheAwareFilter@753c1bad, org.springframework.security.web.servletapi.SecurityContextHolderAwareRequestFilter@225377d1, org.springframework.security.web.authentication.AnonymousAuthenticationFilter@1c15af16, org.springframework.security.web.session.SessionManagementFilter@64ca639f, org.springframework.security.web.access.ExceptionTranslationFilter@1341b9c9]
2020-05-16 00:46:04.288  INFO 12252 --- [restartedMain] o.s.s.concurrent.ThreadPoolTaskExecutor  : Initializing ExecutorService 'applicationTaskExecutor'
2020-05-16 00:46:04.320  INFO 12252 --- [restartedMain] o.s.b.a.w.s.WelcomePageHandlerMapping    : Adding welcome page template: index
2020-05-16 00:46:04.363  INFO 12252 --- [restartedMain] o.s.b.d.a.OptionalLiveReloadServer       : LiveReload server is running on port 35729
2020-05-16 00:46:04.370  INFO 12252 --- [restartedMain] .s.s.UserDetailsServiceAutoConfiguration : 

Using generated security password: 9f64503f-11e2-4322-8bbf-44d996f8b52d

2020-05-16 00:46:04.382  INFO 12252 --- [restartedMain] o.s.b.w.embedded.tomcat.TomcatWebServer  : Tomcat started on port(s): 8080 (http) with context path ''
2020-05-16 00:46:04.383  INFO 12252 --- [restartedMain] c.i.bansal.BootSecurity1Application      : Started BootSecurity1Application in 1.061 seconds (JVM running for 39.444)
2020-05-16 00:46:04.386  INFO 12252 --- [restartedMain] .ConditionEvaluationDeltaLoggingListener : Condition evaluation unchanged
2020-05-16 02:40:22.180  INFO 9284 --- [main] c.i.b.BootSecurity1ApplicationTests      : Starting BootSecurity1ApplicationTests on DESKTOP-DOM78LG with PID 9284 (started by PAYAL in C:\Users\PAYAL\Documents\BootSecurity2)
2020-05-16 02:40:22.182  INFO 9284 --- [main] c.i.b.BootSecurity1ApplicationTests      : No active profile set, falling back to default profiles: default
2020-05-16 02:40:24.922  INFO 9284 --- [main] o.s.s.web.DefaultSecurityFilterChain     : Creating filter chain: any request, [org.springframework.security.web.context.request.async.WebAsyncManagerIntegrationFilter@3157e4c0, org.springframework.security.web.context.SecurityContextPersistenceFilter@3d98d138, org.springframework.security.web.header.HeaderWriterFilter@34e20e6b, org.springframework.security.web.csrf.CsrfFilter@60737b23, org.springframework.security.web.authentication.logout.LogoutFilter@26722665, org.springframework.security.web.authentication.UsernamePasswordAuthenticationFilter@5c10285a, org.springframework.security.web.authentication.ui.DefaultLoginPageGeneratingFilter@26a2f7f9, org.springframework.security.web.authentication.ui.DefaultLogoutPageGeneratingFilter@6eaa21d8, org.springframework.security.web.savedrequest.RequestCacheAwareFilter@f2ce6b, org.springframework.security.web.servletapi.SecurityContextHolderAwareRequestFilter@dc7b462, org.springframework.security.web.authentication.AnonymousAuthenticationFilter@328902d5, org.springframework.security.web.session.SessionManagementFilter@7a7d1b47, org.springframework.security.web.access.ExceptionTranslationFilter@f4c0e4e]
2020-05-16 02:40:25.493  INFO 9284 --- [main] o.s.s.concurrent.ThreadPoolTaskExecutor  : Initializing ExecutorService 'applicationTaskExecutor'
2020-05-16 02:40:25.803  INFO 9284 --- [main] o.s.b.a.w.s.WelcomePageHandlerMapping    : Adding welcome page template: index
2020-05-16 02:40:26.108  INFO 9284 --- [main] .s.s.UserDetailsServiceAutoConfiguration : 

Using generated security password: 30dcfb04-9c28-419b-aa82-6664e56dc9bf

2020-05-16 02:40:26.134  INFO 9284 --- [main] c.i.b.BootSecurity1ApplicationTests      : Started BootSecurity1ApplicationTests in 4.407 seconds (JVM running for 5.809)
2020-05-16 02:40:26.568  INFO 9284 --- [main] .b.t.a.w.s.WebMvcTestContextBootstrapper : Neither @ContextConfiguration nor @ContextHierarchy found for test class [com.institute.bansal.controller.ProductControllerTest], using SpringBootContextLoader
2020-05-16 02:40:26.569  INFO 9284 --- [main] o.s.t.c.support.AbstractContextLoader    : Could not detect default resource locations for test class [com.institute.bansal.controller.ProductControllerTest]: no resource found for suffixes {-context.xml, Context.groovy}.
2020-05-16 02:40:26.570  INFO 9284 --- [main] t.c.s.AnnotationConfigContextLoaderUtils : Could not detect default configuration classes for test class [com.institute.bansal.controller.ProductControllerTest]: ProductControllerTest does not declare any static, non-private, non-final, nested classes annotated with @Configuration.
2020-05-16 02:40:26.617  INFO 9284 --- [main] .b.t.c.SpringBootTestContextBootstrapper : Found @SpringBootConfiguration com.institute.bansal.BootSecurity1Application for test class com.institute.bansal.controller.ProductControllerTest
2020-05-16 02:40:26.618  INFO 9284 --- [main] .b.t.a.w.s.WebMvcTestContextBootstrapper : Loaded default TestExecutionListener class names from location [META-INF/spring.factories]: [org.springframework.boot.test.mock.mockito.MockitoTestExecutionListener, org.springframework.boot.test.mock.mockito.ResetMocksTestExecutionListener, org.springframework.boot.test.autoconfigure.restdocs.RestDocsTestExecutionListener, org.springframework.boot.test.autoconfigure.web.client.MockRestServiceServerResetTestExecutionListener, org.springframework.boot.test.autoconfigure.web.servlet.MockMvcPrintOnlyOnFailureTestExecutionListener, org.springframework.boot.test.autoconfigure.web.servlet.WebDriverTestExecutionListener, org.springframework.test.context.web.ServletTestExecutionListener, org.springframework.test.context.support.DirtiesContextBeforeModesTestExecutionListener, org.springframework.test.context.support.DependencyInjectionTestExecutionListener, org.springframework.test.context.support.DirtiesContextTestExecutionListener, org.springframework.test.context.transaction.TransactionalTestExecutionListener, org.springframework.test.context.jdbc.SqlScriptsTestExecutionListener, org.springframework.test.context.event.EventPublishingTestExecutionListener, org.springframework.security.test.context.support.WithSecurityContextTestExecutionListener, org.springframework.security.test.context.support.ReactorContextTestExecutionListener]
2020-05-16 02:40:26.623  INFO 9284 --- [main] .b.t.a.w.s.WebMvcTestContextBootstrapper : Using TestExecutionListeners: [org.springframework.test.context.web.ServletTestExecutionListener@3c87fdf2, org.springframework.test.context.support.DirtiesContextBeforeModesTestExecutionListener@26bbe604, org.springframework.boot.test.mock.mockito.MockitoTestExecutionListener@fe34b86, org.springframework.boot.test.autoconfigure.SpringBootDependencyInjectionTestExecutionListener@3c98781a, org.springframework.test.context.support.DirtiesContextTestExecutionListener@3f736a16, org.springframework.test.context.event.EventPublishingTestExecutionListener@4601203a, org.springframework.security.test.context.support.WithSecurityContextTestExecutionListener@53abfc07, org.springframework.security.test.context.support.ReactorContextTestExecutionListener@2c8c16c0, org.springframework.boot.test.mock.mockito.ResetMocksTestExecutionListener@80bfa9d, org.springframework.boot.test.autoconfigure.restdocs.RestDocsTestExecutionListener@47c40b56, org.springframework.boot.test.autoconfigure.web.client.MockRestServiceServerResetTestExecutionListener@4b039c6d, org.springframework.boot.test.autoconfigure.web.servlet.MockMvcPrintOnlyOnFailureTestExecutionListener@7f5b9db, org.springframework.boot.test.autoconfigure.web.servlet.WebDriverTestExecutionListener@507d64aa]
2020-05-16 02:40:26.687  INFO 9284 --- [main] c.i.b.controller.ProductControllerTest   : Starting ProductControllerTest on DESKTOP-DOM78LG with PID 9284 (started by PAYAL in C:\Users\PAYAL\Documents\BootSecurity2)
2020-05-16 02:40:26.689  INFO 9284 --- [main] c.i.b.controller.ProductControllerTest   : No active profile set, falling back to default profiles: default
2020-05-16 02:40:27.704  INFO 9284 --- [main] o.s.s.web.DefaultSecurityFilterChain     : Creating filter chain: any request, [org.springframework.security.web.context.request.async.WebAsyncManagerIntegrationFilter@4a901445, org.springframework.security.web.context.SecurityContextPersistenceFilter@4d6ccc97, org.springframework.security.web.header.HeaderWriterFilter@7301eebe, org.springframework.security.web.csrf.CsrfFilter@44fff386, org.springframework.security.web.authentication.logout.LogoutFilter@149b0577, org.springframework.security.web.authentication.UsernamePasswordAuthenticationFilter@5740ff5e, org.springframework.security.web.authentication.ui.DefaultLoginPageGeneratingFilter@436bd4df, org.springframework.security.web.authentication.ui.DefaultLogoutPageGeneratingFilter@67f77f6e, org.springframework.security.web.savedrequest.RequestCacheAwareFilter@6a12c7a8, org.springframework.security.web.servletapi.SecurityContextHolderAwareRequestFilter@161aa04a, org.springframework.security.web.authentication.AnonymousAuthenticationFilter@2b0b7e5a, org.springframework.security.web.session.SessionManagementFilter@76b47204, org.springframework.security.web.access.ExceptionTranslationFilter@1fc713c9]
2020-05-16 02:40:27.928  INFO 9284 --- [main] o.s.s.concurrent.ThreadPoolTaskExecutor  : Initializing ExecutorService 'applicationTaskExecutor'
2020-05-16 02:40:27.978  INFO 9284 --- [main] o.s.b.a.w.s.WelcomePageHandlerMapping    : Adding welcome page template: index
2020-05-16 02:40:28.235  INFO 9284 --- [main] o.s.b.t.m.w.SpringBootMockServletContext : Initializing Spring TestDispatcherServlet ''
2020-05-16 02:40:28.235  INFO 9284 --- [main] o.s.t.web.servlet.TestDispatcherServlet  : Initializing Servlet ''
2020-05-16 02:40:28.267  INFO 9284 --- [main] o.s.t.web.servlet.TestDispatcherServlet  : Completed initialization in 31 ms
2020-05-16 02:40:28.302  INFO 9284 --- [main] .s.s.UserDetailsServiceAutoConfiguration : 

Using generated security password: ff62d3ba-b5a5-4185-ae11-d81dd805c595

2020-05-16 02:40:28.311  INFO 9284 --- [main] c.i.b.controller.ProductControllerTest   : Started ProductControllerTest in 1.68 seconds (JVM running for 7.985)
2020-05-16 02:40:28.422  INFO 9284 --- [main] c.i.bansal.controller.ProductController  : in get products
2020-05-16 02:40:28.983  INFO 9284 --- [SpringContextShutdownHook] o.s.s.concurrent.ThreadPoolTaskExecutor  : Shutting down ExecutorService 'applicationTaskExecutor'
2020-05-16 02:40:28.988  INFO 9284 --- [SpringContextShutdownHook] o.s.s.concurrent.ThreadPoolTaskExecutor  : Shutting down ExecutorService 'applicationTaskExecutor'
